Arguments: 
  /home/adnan/.nvm/versions/node/v12.16.3/bin/node /home/adnan/.nvm/versions/node/v12.16.3/bin/yarn add express dotenv

PATH: 
  /home/adnan/.nvm/versions/node/v12.16.3/bin:/usr/local/sbin:/usr/local/bin:/usr/sbin:/usr/bin:/sbin:/bin:/usr/games:/usr/local/games:/mnt/c/Program Files/WindowsApps/CanonicalGroupLimited.Ubuntu20.04onWindows_2004.2020.424.0_x64__79rhkp1fndgsc:/mnt/c/Windows/system32:/mnt/c/Windows:/mnt/c/Windows/System32/Wbem:/mnt/c/Windows/System32/WindowsPowerShell/v1.0/:/mnt/c/Windows/System32/OpenSSH/:/mnt/c/Users/adnan/AppData/Local/Microsoft/WindowsApps:/mnt/c/Users/adnan/AppData/Local/Programs/Microsoft VS Code/bin:/snap/bin

Yarn version: 
  1.22.4

Node version: 
  12.16.3

Platform: 
  linux x64

Trace: 
  Error: EPERM: operation not permitted, copyfile '/home/adnan/.cache/yarn/v6/npm-body-parser-1.19.0-96b2709e57c9c4e09a6fd66a8fd979844f69f08a-integrity/node_modules/body-parser/LICENSE' -> '/mnt/c/users/adnan/Desktop/api_dev/node_modules/body-parser/LICENSE'

npm manifest: 
  {
    "name": "api_dev",
    "version": "1.0.0",
    "main": "index.js",
    "scripts": {
      "test": "echo \"Error: no test specified\" && exit 1"
    },
    "keywords": [],
    "author": "",
    "license": "ISC",
    "dependencies": {},
    "devDependencies": {},
    "description": ""
  }

yarn manifest: 
  No manifest

Lockfile: 
  No lockfile
